make all --print-data-base --no-builtin-variables --no-builtin-rules --question
make: *** No rule to make target 'all'.  Stop.

# GNU Make 4.3
# Built for x86_64-pc-linux-gnu
# Copyright (C) 1988-2020 Free Software Foundation, Inc.
# License GPLv3+: GNU GPL version 3 or later <http://gnu.org/licenses/gpl.html>
# This is free software: you are free to change and redistribute it.
# There is NO WARRANTY, to the extent permitted by law.

# Make data base, printed on Tue Jun 14 14:21:07 2022

# Variables

# environment
GDK_BACKEND = x11
# environment
LC_ALL = C
# environment
NO_AT_BRIDGE = 1
# environment
GJS_DEBUG_OUTPUT = stderr
# environment
CSF_EXCEPTION_PROMPT = 1
# environment
VSCODE_IPC_HOOK_EXTHOST = /run/user/1000/vscode-ipc-fb508dc5-3d8e-494b-9501-abf7c2a9b052.sock
# environment
CSF_XmlOcafResource = /usr/share/opencascade/resources/XmlOcafResource
# environment
LC_NAME = en_US.UTF-8
# environment
LC_NUMERIC = en_US.UTF-8
# environment
VSCODE_CWD = /home/arts1
# environment
MMGT_CLEAR = 1
# environment
CSF_XCAFDefaults = /usr/share/opencascade/resources/StdResource
# environment
CSF_PluginDefaults = /usr/share/opencascade/resources/StdResource
# environment
CASROOT = /usr
# environment
LC_ADDRESS = en_US.UTF-8
# environment
GDM_LANG = en_US.utf8
# default
MAKE_COMMAND := make
# environment
GTK3_MODULES = xapp-gtk3-module
# automatic
@D = $(patsubst %/,%,$(dir $@))
# environment
VSCODE_HANDLES_UNCAUGHT_ERRORS = true
# default
.VARIABLES := 
# environment
PWD = /home/arts1/lightweight-ciphers-tests
# automatic
%D = $(patsubst %/,%,$(dir $%))
# environment
MAIL = /var/spool/mail/arts1
# environment
XDG_DATA_DIRS = /home/arts1/.local/share/flatpak/exports/share:/var/lib/flatpak/exports/share:/usr/local/share:/usr/share:/var/lib/snapd/desktop
# automatic
^D = $(patsubst %/,%,$(dir $^))
# environment
VSCODE_LOG_STACK = false
# automatic
%F = $(notdir $%)
# environment
VSCODE_CODE_CACHE_PATH = /home/arts1/.config/Code/CachedData/da15b6fd3ef856477bf6f4fb29ba1b7af717770d
# environment
XDG_SESSION_PATH = /org/freedesktop/DisplayManager/Session0
# environment
CSF_ShadersDirectory = /usr/share/opencascade/resources/Shaders
# environment
LANG = C
# environment
XAUTHORITY = /home/arts1/.Xauthority
# default
.LOADED := 
# default
.INCLUDE_DIRS = /usr/include /usr/local/include /usr/include
# makefile
MAKEFLAGS = pqrR
# makefile
CURDIR := /home/arts1/lightweight-ciphers-tests
# environment
VSCODE_PIPE_LOGGING = true
# environment
APPLICATION_INSIGHTS_NO_DIAGNOSTIC_CHANNEL = 1
# automatic
*D = $(patsubst %/,%,$(dir $*))
# environment
MFLAGS = -pqrR
# environment
SSH_AUTH_SOCK = /run/user/1000/keyring/ssh
# default
.SHELLFLAGS := -c
# environment
CSF_MDTVTexturesDirectory = /usr/share/opencascade/resources/Textures
# automatic
+D = $(patsubst %/,%,$(dir $+))
# environment
XDG_SESSION_DESKTOP = gnome-xorg
# makefile
MAKEFILE_LIST := 
# automatic
@F = $(notdir $@)
# environment
VSCODE_VERBOSE_LOGGING = true
# environment
VSCODE_PID = 568565
# environment
XDG_SESSION_TYPE = x11
# environment
CUDA_PATH = /opt/cuda
# automatic
?D = $(patsubst %/,%,$(dir $?))
# environment
CSF_XSMessage = /usr/share/opencascade/resources/XSMessage
# environment
DRAWDEFAULT = /usr/share/opencascade/resources/DrawResources/DrawDefault
# environment
SESSION_MANAGER = local/arts1-xps8700:@/tmp/.ICE-unix/1525,unix/arts1-xps8700:/tmp/.ICE-unix/1525
# automatic
*F = $(notdir $*)
# environment
QT_QPA_PLATFORMTHEME = qt5ct
# environment
CHROME_DESKTOP = code-url-handler.desktop
# environment
CSF_SHMessage = /usr/share/opencascade/resources/SHMessage
# environment
DBUS_SESSION_BUS_ADDRESS = unix:path=/run/user/1000/bus
# automatic
<D = $(patsubst %/,%,$(dir $<))
# environment
VSCODE_NLS_CONFIG = {"locale":"en-us","availableLanguages":{},"_languagePackSupport":true}
# default
MAKE_HOST := x86_64-pc-linux-gnu
# makefile
SHELL = /bin/sh
# default
MAKECMDGOALS := all
# environment
GJS_DEBUG_TOPICS = JS ERROR;JS LOG
# environment
SHLVL = 1
# environment
CSF_TObjDefaults = /usr/share/opencascade/resources/StdResource
# environment
MAKELEVEL := 0
# default
MAKE = $(MAKE_COMMAND)
# environment
PATH = /home/arts1/.local/bin:/usr/local/bin:/usr/bin:/bin:/usr/local/sbin:/opt/cuda/bin:/opt/cuda/nsight_compute:/opt/cuda/nsight_systems/bin:/usr/lib/jvm/default/bin:/usr/bin/site_perl:/usr/bin/vendor_perl:/usr/bin/core_perl:/var/lib/snapd/snap/bin
# default
MAKEFILES := 
# environment
LC_MONETARY = en_US.UTF-8
# environment
CSF_OCCTResourcePath = /usr/share/opencascade/resources
# environment
MOTD_SHOWN = pam
# automatic
^F = $(notdir $^)
# environment
LC_TIME = en_US.UTF-8
# environment
INVOCATION_ID = 038c201296a1455982758ac15109980d
# environment
VSCODE_LOG_NATIVE = false
# environment
CSF_StandardLiteDefaults = /usr/share/opencascade/resources/StdResource
# environment
CSF_STEPDefaults = /usr/share/opencascade/resources/XSTEPResource
# environment
LC_TELEPHONE = en_US.UTF-8
# automatic
?F = $(notdir $?)
# environment
XDG_CURRENT_DESKTOP = GNOME
# environment
CSF_MIGRATION_TYPES = /usr/share/opencascade/resources/StdResource/MigrationSheet.txt
# automatic
+F = $(notdir $+)
# environment
XDG_SEAT_PATH = /org/freedesktop/DisplayManager/Seat0
# environment
DESKTOP_SESSION = gnome-xorg
# environment
ORIGINAL_XDG_CURRENT_DESKTOP = GNOME
# 'override' directive
GNUMAKEFLAGS := 
# environment
LOGNAME = arts1
# environment
CSF_LANGUAGE = us
# environment
GIO_LAUNCHED_DESKTOP_FILE = /usr/share/applications/visual-studio-code.desktop
# makefile
.DEFAULT_GOAL := 
# environment
SYSTEMD_EXEC_PID = 1542
# environment
CSF_TObjMessage = /usr/share/opencascade/resources/TObj
# environment
EDITOR = /usr/bin/nano
# environment
DISPLAY = :0
# environment
USER = arts1
# default
MAKE_VERSION := 4.3
# environment
MANAGERPID = 1464
# environment
LC_MEASUREMENT = en_US.UTF-8
# environment
GIO_LAUNCHED_DESKTOP_FILE_PID = 568545
# environment
_ = /usr/bin/make
# environment
LC_PAPER = en_US.UTF-8
# environment
XDG_RUNTIME_DIR = /run/user/1000
# environment
CSF_DrawPluginDefaults = /usr/share/opencascade/resources/DrawResources
# environment
CSF_IGESDefaults = /usr/share/opencascade/resources/XSTEPResource
# environment
JOURNAL_STREAM = 8:17211
# environment
XDG_SESSION_CLASS = user
# environment
VSCODE_AMD_ENTRYPOINT = vs/workbench/api/node/extensionHostProcess
# environment
GTK2_RC_FILES = /home/arts1/.gtkrc-2.0
# environment
HOME = /home/arts1
# environment
ELECTRON_RUN_AS_NODE = 1
# environment
DRAWHOME = /usr/share/opencascade/resources/DrawResources
# environment
VSCODE_IPC_HOOK = /run/user/1000/vscode-c5cd0569-1.67.1-main.sock
# default
.RECIPEPREFIX := 
# automatic
<F = $(notdir $<)
# default
SUFFIXES := 
# environment
QT_AUTO_SCREEN_SCALE_FACTOR = 0
# environment
VSCODE_CLI = 1
# environment
ELECTRON_NO_ATTACH_CONSOLE = 1
# environment
XDG_GREETER_DATA_DIR = /var/lib/lightdm-data/arts1
# environment
CSF_StandardDefaults = /usr/share/opencascade/resources/StdResource
# default
.FEATURES := target-specific order-only second-expansion else-if shortest-stem undefine oneshell nocomment grouped-target extra-prereqs archives jobserver output-sync check-symlink guile load
# environment
XDG_MENU_PREFIX = gnome-
# environment
GDMSESSION = gnome-xorg
# environment
LC_IDENTIFICATION = en_US.UTF-8
# variable set hash-table stats:
# Load=129/1024=13%, Rehash=0, Collisions=10/156=6%

# Pattern-specific Variable Values

# No pattern-specific variable values.

# Directories

# . (device 2055, inode 80347806): 61 files, no impossibilities.

# 61 files, no impossibilities in 1 directories.

# Implicit Rules

# No implicit rules.

# Files

# Not a target:
Makefile:
#  Implicit rule search has been done.
#  File does not exist.
#  File has been updated.
#  Failed to be updated.

# Not a target:
.DEFAULT:
#  Implicit rule search has not been done.
#  Modification time never checked.
#  File has not been updated.

# Not a target:
all:
#  Command line target.
#  Implicit rule search has been done.
#  File does not exist.
#  File has not been updated.

# Not a target:
makefile:
#  Implicit rule search has been done.
#  File does not exist.
#  File has been updated.
#  Failed to be updated.

# Not a target:
GNUmakefile:
#  Implicit rule search has been done.
#  File does not exist.
 
#  File has been updated.
#  Failed to be updated.

# files hash-table stats:
# Load=6/1024=1%, Rehash=0, Collisions=0/15=0%
# VPATH Search Paths

# No 'vpath' search paths.

# No general ('VPATH' variable) search path.

# strcache buffers: 1 (0) / strings = 69 / storage = 1068 B / avg = 15 B
# current buf: size = 8162 B / used = 1068 B / count = 69 / avg = 15 B

# strcache performance: lookups = 72 / hit rate = 4%
# hash-table stats:
# Load=69/8192=1%, Rehash=0, Collisions=0/72=0%
# Finished Make data base on Tue Jun 14 14:21:07 2022

 
